< WORLD > updated (x,z) position (0.030000,0.000000) cm at time: Wed Dec 14 16:44:57 2022
 
< MOTOR X > reached position 0.030000 cm at time: Wed Dec 14 16:44:57 2022
 
< WORLD > updated (x,z) position (0.060000,0.000000) cm at time: Wed Dec 14 16:44:57 2022
 
< MOTOR X > reached position 0.060000 cm at time: Wed Dec 14 16:44:57 2022
 
< WORLD > updated (x,z) position (0.090000,0.000000) cm at time: Wed Dec 14 16:44:57 2022
 
< MOTOR X > reached position 0.090000 cm at time: Wed Dec 14 16:44:57 2022
 
< WORLD > updated (x,z) position (0.120000,0.000000) cm at time: Wed Dec 14 16:44:57 2022
 
< MOTOR X > reached position 0.120000 cm at time: Wed Dec 14 16:44:57 2022
 
< MOTOR X > reached position 0.150000 cm at time: Wed Dec 14 16:44:57 2022
 
< WORLD > updated (x,z) position (0.150000,0.000000) cm at time: Wed Dec 14 16:44:57 2022
 
< WORLD > updated (x,z) position (0.180000,0.000000) cm at time: Wed Dec 14 16:44:57 2022
 
< MOTOR X > reached position 0.180000 cm at time: Wed Dec 14 16:44:57 2022
 
< WORLD > updated (x,z) position (0.210000,0.000000) cm at time: Wed Dec 14 16:44:57 2022
 
< MOTOR X > reached position 0.210000 cm at time: Wed Dec 14 16:44:57 2022
 
< MOTOR X > reached position 0.240000 cm at time: Wed Dec 14 16:44:57 2022
 
< WORLD > updated (x,z) position (0.240000,0.000000) cm at time: Wed Dec 14 16:44:57 2022
 
< WORLD > updated (x,z) position (0.270000,0.000000) cm at time: Wed Dec 14 16:44:57 2022
 
< MOTOR X > reached position 0.270000 cm at time: Wed Dec 14 16:44:57 2022
 
< WORLD > updated (x,z) position (0.300000,0.000000) cm at time: Wed Dec 14 16:44:57 2022
 
< MOTOR X > reached position 0.300000 cm at time: Wed Dec 14 16:44:57 2022
 
< WORLD > updated (x,z) position (0.330000,0.000000) cm at time: Wed Dec 14 16:44:57 2022
 
< MOTOR X > reached position 0.330000 cm at time: Wed Dec 14 16:44:57 2022
 
< WORLD > updated (x,z) position (0.360000,0.000000) cm at time: Wed Dec 14 16:44:57 2022
 
< MOTOR X > reached position 0.360000 cm at time: Wed Dec 14 16:44:57 2022
 
< MOTOR X > reached position 0.390000 cm at time: Wed Dec 14 16:44:57 2022
 
< WORLD > updated (x,z) position (0.390000,0.000000) cm at time: Wed Dec 14 16:44:57 2022
 
< WORLD > updated (x,z) position (0.420000,0.000000) cm at time: Wed Dec 14 16:44:57 2022
 
< MOTOR X > reached position 0.420000 cm at time: Wed Dec 14 16:44:57 2022
 
< WORLD > updated (x,z) position (0.450000,0.000000) cm at time: Wed Dec 14 16:44:57 2022
 
< MOTOR X > reached position 0.450000 cm at time: Wed Dec 14 16:44:57 2022
 
< WORLD > updated (x,z) position (0.480000,0.000000) cm at time: Wed Dec 14 16:44:57 2022
 
< MOTOR X > reached position 0.480000 cm at time: Wed Dec 14 16:44:57 2022
 
< WORLD > updated (x,z) position (0.510000,0.000000) cm at time: Wed Dec 14 16:44:57 2022
 
< MOTOR X > reached position 0.510000 cm at time: Wed Dec 14 16:44:57 2022
 
< MOTOR X > reached position 0.540000 cm at time: Wed Dec 14 16:44:57 2022
 
< WORLD > updated (x,z) position (0.540000,0.000000) cm at time: Wed Dec 14 16:44:57 2022
 
< WORLD > updated (x,z) position (0.570000,0.000000) cm at time: Wed Dec 14 16:44:57 2022
 
< MOTOR X > reached position 0.570000 cm at time: Wed Dec 14 16:44:57 2022
 
< WORLD > updated (x,z) position (0.600000,0.000000) cm at time: Wed Dec 14 16:44:57 2022
 
< MOTOR X > reached position 0.600000 cm at time: Wed Dec 14 16:44:57 2022
 
< WORLD > updated (x,z) position (0.630000,0.000000) cm at time: Wed Dec 14 16:44:57 2022
 
< MOTOR X > reached position 0.630000 cm at time: Wed Dec 14 16:44:57 2022
 
< MOTOR X > reached position 0.660000 cm at time: Wed Dec 14 16:44:57 2022
 
< WORLD > updated (x,z) position (0.660000,0.000000) cm at time: Wed Dec 14 16:44:57 2022
 
< WORLD > updated (x,z) position (0.690000,0.000000) cm at time: Wed Dec 14 16:44:57 2022
 
< MOTOR X > reached position 0.690000 cm at time: Wed Dec 14 16:44:57 2022
 
< WORLD > updated (x,z) position (0.720000,0.000000) cm at time: Wed Dec 14 16:44:57 2022
 
< MOTOR X > reached position 0.720000 cm at time: Wed Dec 14 16:44:57 2022
 
< MOTOR X > reached position 0.750000 cm at time: Wed Dec 14 16:44:58 2022
 
< WORLD > updated (x,z) position (0.750000,0.000000) cm at time: Wed Dec 14 16:44:58 2022
 
< WORLD > updated (x,z) position (0.780000,0.000000) cm at time: Wed Dec 14 16:44:58 2022
 
< MOTOR X > reached position 0.780000 cm at time: Wed Dec 14 16:44:58 2022
 
< WORLD > updated (x,z) position (0.810000,0.000000) cm at time: Wed Dec 14 16:44:58 2022
 
< MOTOR X > reached position 0.810000 cm at time: Wed Dec 14 16:44:58 2022
 
< MOTOR X > reached position 0.840000 cm at time: Wed Dec 14 16:44:58 2022
 
< WORLD > updated (x,z) position (0.840000,0.000000) cm at time: Wed Dec 14 16:44:58 2022
 
< MOTOR X > reached position 0.870000 cm at time: Wed Dec 14 16:44:58 2022
 
< WORLD > updated (x,z) position (0.870000,0.000000) cm at time: Wed Dec 14 16:44:58 2022
 
< WORLD > updated (x,z) position (0.900000,0.000000) cm at time: Wed Dec 14 16:44:58 2022
 
< MOTOR X > reached position 0.900000 cm at time: Wed Dec 14 16:44:58 2022
 
< WORLD > updated (x,z) position (0.930000,0.000000) cm at time: Wed Dec 14 16:44:58 2022
 
< MOTOR X > reached position 0.930000 cm at time: Wed Dec 14 16:44:58 2022
 
< WORLD > updated (x,z) position (0.960000,0.000000) cm at time: Wed Dec 14 16:44:58 2022
 
< MOTOR X > reached position 0.960000 cm at time: Wed Dec 14 16:44:58 2022
 
< WORLD > updated (x,z) position (0.990000,0.000000) cm at time: Wed Dec 14 16:44:58 2022
 
< MOTOR X > reached position 0.990000 cm at time: Wed Dec 14 16:44:58 2022
 
< COMM_CONSOLE > pressed Vx++ button at time: Wed Dec 14 16:44:58 2022
 
< WORLD > updated (x,z) position (1.020000,0.000000) cm at time: Wed Dec 14 16:44:58 2022
 
< MOTOR X > reached position 1.020000 cm at time: Wed Dec 14 16:44:58 2022
 
< WORLD > updated (x,z) position (1.049999,0.000000) cm at time: Wed Dec 14 16:44:58 2022
 
< MOTOR X > reached position 1.049999 cm at time: Wed Dec 14 16:44:58 2022
 
< WORLD > updated (x,z) position (1.079999,0.000000) cm at time: Wed Dec 14 16:44:58 2022
 
< MOTOR X > reached position 1.079999 cm at time: Wed Dec 14 16:44:58 2022
 
< WORLD > updated (x,z) position (1.109999,0.000000) cm at time: Wed Dec 14 16:44:58 2022
 
< MOTOR X > reached position 1.109999 cm at time: Wed Dec 14 16:44:58 2022
 
< WORLD > updated (x,z) position (1.139999,0.000000) cm at time: Wed Dec 14 16:44:58 2022
 
< MOTOR X > reached position 1.139999 cm at time: Wed Dec 14 16:44:58 2022
 
< WORLD > updated (x,z) position (1.169999,0.000000) cm at time: Wed Dec 14 16:44:58 2022
 
< MOTOR X > reached position 1.169999 cm at time: Wed Dec 14 16:44:58 2022
 
< WORLD > updated (x,z) position (1.199999,0.000000) cm at time: Wed Dec 14 16:44:58 2022
 
< MOTOR X > reached position 1.199999 cm at time: Wed Dec 14 16:44:58 2022
 
< WORLD > updated (x,z) position (1.229999,0.000000) cm at time: Wed Dec 14 16:44:58 2022
 
< MOTOR X > reached position 1.229999 cm at time: Wed Dec 14 16:44:58 2022
 
< WORLD > updated (x,z) position (1.259999,0.000000) cm at time: Wed Dec 14 16:44:58 2022
 
< MOTOR X > reached position 1.259999 cm at time: Wed Dec 14 16:44:58 2022
 
< WORLD > updated (x,z) position (1.289999,0.000000) cm at time: Wed Dec 14 16:44:58 2022
 
< MOTOR X > reached position 1.289999 cm at time: Wed Dec 14 16:44:58 2022
 
< WORLD > updated (x,z) position (1.319999,0.000000) cm at time: Wed Dec 14 16:44:58 2022
 
< MOTOR X > reached position 1.319999 cm at time: Wed Dec 14 16:44:58 2022
 
< WORLD > updated (x,z) position (1.349999,0.000000) cm at time: Wed Dec 14 16:44:58 2022
 
< MOTOR X > reached position 1.349999 cm at time: Wed Dec 14 16:44:58 2022
 
< WORLD > updated (x,z) position (1.379999,0.000000) cm at time: Wed Dec 14 16:44:58 2022
 
< MOTOR X > reached position 1.379999 cm at time: Wed Dec 14 16:44:58 2022
 
< WORLD > updated (x,z) position (1.409999,0.000000) cm at time: Wed Dec 14 16:44:58 2022
 
< MOTOR X > reached position 1.409999 cm at time: Wed Dec 14 16:44:58 2022
 
< WORLD > updated (x,z) position (1.439999,0.000000) cm at time: Wed Dec 14 16:44:58 2022
 
< MOTOR X > reached position 1.439999 cm at time: Wed Dec 14 16:44:58 2022
 
< WORLD > updated (x,z) position (1.469999,0.000000) cm at time: Wed Dec 14 16:44:58 2022
 
< MOTOR X > reached position 1.469999 cm at time: Wed Dec 14 16:44:58 2022
 
< WORLD > updated (x,z) position (1.499999,0.000000) cm at time: Wed Dec 14 16:44:58 2022
 
< MOTOR X > reached position 1.499999 cm at time: Wed Dec 14 16:44:58 2022
 
< WORLD > updated (x,z) position (1.529999,0.000000) cm at time: Wed Dec 14 16:44:58 2022
 
< MOTOR X > reached position 1.529999 cm at time: Wed Dec 14 16:44:58 2022
 
< WORLD > updated (x,z) position (1.559999,0.000000) cm at time: Wed Dec 14 16:44:58 2022
 
< MOTOR X > reached position 1.559999 cm at time: Wed Dec 14 16:44:58 2022
 
< WORLD > updated (x,z) position (1.589999,0.000000) cm at time: Wed Dec 14 16:44:58 2022
 
< MOTOR X > reached position 1.589999 cm at time: Wed Dec 14 16:44:58 2022
 
< WORLD > updated (x,z) position (1.619999,0.000000) cm at time: Wed Dec 14 16:44:58 2022
 
< MOTOR X > reached position 1.619999 cm at time: Wed Dec 14 16:44:58 2022
 
< WORLD > updated (x,z) position (1.649999,0.000000) cm at time: Wed Dec 14 16:44:58 2022
 
< MOTOR X > reached position 1.649999 cm at time: Wed Dec 14 16:44:58 2022
 
< WORLD > updated (x,z) position (1.679999,0.000000) cm at time: Wed Dec 14 16:44:58 2022
 
< MOTOR X > reached position 1.679999 cm at time: Wed Dec 14 16:44:58 2022
 
< WORLD > updated (x,z) position (1.709999,0.000000) cm at time: Wed Dec 14 16:44:59 2022
 
< MOTOR X > reached position 1.709999 cm at time: Wed Dec 14 16:44:59 2022
 
< WORLD > updated (x,z) position (1.739999,0.000000) cm at time: Wed Dec 14 16:44:59 2022
 
< MOTOR X > reached position 1.739999 cm at time: Wed Dec 14 16:44:59 2022
 
< WORLD > updated (x,z) position (1.769999,0.000000) cm at time: Wed Dec 14 16:44:59 2022
 
< MOTOR X > reached position 1.769999 cm at time: Wed Dec 14 16:44:59 2022
 
< WORLD > updated (x,z) position (1.799999,0.000000) cm at time: Wed Dec 14 16:44:59 2022
 
< MOTOR X > reached position 1.799999 cm at time: Wed Dec 14 16:44:59 2022
 
< WORLD > updated (x,z) position (1.829999,0.000000) cm at time: Wed Dec 14 16:44:59 2022
 
< MOTOR X > reached position 1.829999 cm at time: Wed Dec 14 16:44:59 2022
 
< WORLD > updated (x,z) position (1.859999,0.000000) cm at time: Wed Dec 14 16:44:59 2022
 
< MOTOR X > reached position 1.859999 cm at time: Wed Dec 14 16:44:59 2022
 
< WORLD > updated (x,z) position (1.889999,0.000000) cm at time: Wed Dec 14 16:44:59 2022
 
< MOTOR X > reached position 1.889999 cm at time: Wed Dec 14 16:44:59 2022
 
< WORLD > updated (x,z) position (1.919999,0.000000) cm at time: Wed Dec 14 16:44:59 2022
 
< MOTOR X > reached position 1.919999 cm at time: Wed Dec 14 16:44:59 2022
 
< WORLD > updated (x,z) position (1.949999,0.000000) cm at time: Wed Dec 14 16:44:59 2022
 
< MOTOR X > reached position 1.949999 cm at time: Wed Dec 14 16:44:59 2022
 
< WORLD > updated (x,z) position (1.979999,0.000000) cm at time: Wed Dec 14 16:44:59 2022
 
< MOTOR X > reached position 1.979999 cm at time: Wed Dec 14 16:44:59 2022
 
< WORLD > updated (x,z) position (2.009999,0.000000) cm at time: Wed Dec 14 16:44:59 2022
 
< MOTOR X > reached position 2.009999 cm at time: Wed Dec 14 16:44:59 2022
 
< WORLD > updated (x,z) position (2.039999,0.000000) cm at time: Wed Dec 14 16:44:59 2022
 
< MOTOR X > reached position 2.039999 cm at time: Wed Dec 14 16:44:59 2022
 
< WORLD > updated (x,z) position (2.069999,0.000000) cm at time: Wed Dec 14 16:44:59 2022
 
< MOTOR X > reached position 2.069999 cm at time: Wed Dec 14 16:44:59 2022
 
< WORLD > updated (x,z) position (2.099998,0.000000) cm at time: Wed Dec 14 16:44:59 2022
 
< MOTOR X > reached position 2.099998 cm at time: Wed Dec 14 16:44:59 2022
 
< WORLD > updated (x,z) position (2.129998,0.000000) cm at time: Wed Dec 14 16:44:59 2022
 
< MOTOR X > reached position 2.129998 cm at time: Wed Dec 14 16:44:59 2022
 
< WORLD > updated (x,z) position (2.159998,0.000000) cm at time: Wed Dec 14 16:44:59 2022
 
< MOTOR X > reached position 2.159998 cm at time: Wed Dec 14 16:44:59 2022
 
< WORLD > updated (x,z) position (2.189998,0.000000) cm at time: Wed Dec 14 16:44:59 2022
 
< MOTOR X > reached position 2.189998 cm at time: Wed Dec 14 16:44:59 2022
 
< WORLD > updated (x,z) position (2.219998,0.000000) cm at time: Wed Dec 14 16:44:59 2022
 
< MOTOR X > reached position 2.219998 cm at time: Wed Dec 14 16:44:59 2022
 
< WORLD > updated (x,z) position (2.249998,0.000000) cm at time: Wed Dec 14 16:44:59 2022
 
< MOTOR X > reached position 2.249998 cm at time: Wed Dec 14 16:44:59 2022
 
< WORLD > updated (x,z) position (2.279998,0.000000) cm at time: Wed Dec 14 16:44:59 2022
 
< MOTOR X > reached position 2.279998 cm at time: Wed Dec 14 16:44:59 2022
 
< WORLD > updated (x,z) position (2.309998,0.000000) cm at time: Wed Dec 14 16:44:59 2022
 
< MOTOR X > reached position 2.309998 cm at time: Wed Dec 14 16:44:59 2022
 
< WORLD > updated (x,z) position (2.339998,0.000000) cm at time: Wed Dec 14 16:44:59 2022
 
< MOTOR X > reached position 2.339998 cm at time: Wed Dec 14 16:44:59 2022
 
< WORLD > updated (x,z) position (2.369998,0.000000) cm at time: Wed Dec 14 16:44:59 2022
 
< MOTOR X > reached position 2.369998 cm at time: Wed Dec 14 16:44:59 2022
 
< WORLD > updated (x,z) position (2.399998,0.000000) cm at time: Wed Dec 14 16:44:59 2022
 
< MOTOR X > reached position 2.399998 cm at time: Wed Dec 14 16:44:59 2022
 
< WORLD > updated (x,z) position (2.429998,0.000000) cm at time: Wed Dec 14 16:44:59 2022
 
< MOTOR X > reached position 2.429998 cm at time: Wed Dec 14 16:44:59 2022
 
< WORLD > updated (x,z) position (2.459998,0.000000) cm at time: Wed Dec 14 16:44:59 2022
 
< MOTOR X > reached position 2.459998 cm at time: Wed Dec 14 16:44:59 2022
 
< WORLD > updated (x,z) position (2.489998,0.000000) cm at time: Wed Dec 14 16:44:59 2022
 
< MOTOR X > reached position 2.489998 cm at time: Wed Dec 14 16:44:59 2022
 
< WORLD > updated (x,z) position (2.519998,0.000000) cm at time: Wed Dec 14 16:44:59 2022
 
< MOTOR X > reached position 2.519998 cm at time: Wed Dec 14 16:44:59 2022
 
< WORLD > updated (x,z) position (2.549998,0.000000) cm at time: Wed Dec 14 16:44:59 2022
 
< MOTOR X > reached position 2.549998 cm at time: Wed Dec 14 16:44:59 2022
 
< WORLD > updated (x,z) position (2.579998,0.000000) cm at time: Wed Dec 14 16:44:59 2022
 
< MOTOR X > reached position 2.579998 cm at time: Wed Dec 14 16:44:59 2022
 
< WORLD > updated (x,z) position (2.609998,0.000000) cm at time: Wed Dec 14 16:44:59 2022
 
< MOTOR X > reached position 2.609998 cm at time: Wed Dec 14 16:44:59 2022
 
< WORLD > updated (x,z) position (2.639998,0.000000) cm at time: Wed Dec 14 16:44:59 2022
 
< MOTOR X > reached position 2.639998 cm at time: Wed Dec 14 16:44:59 2022
 
< WORLD > updated (x,z) position (2.669998,0.000000) cm at time: Wed Dec 14 16:45:00 2022
 
< MOTOR X > reached position 2.669998 cm at time: Wed Dec 14 16:45:00 2022
 
< WORLD > updated (x,z) position (2.699998,0.000000) cm at time: Wed Dec 14 16:45:00 2022
 
< MOTOR X > reached position 2.699998 cm at time: Wed Dec 14 16:45:00 2022
 
< WORLD > updated (x,z) position (2.729998,0.000000) cm at time: Wed Dec 14 16:45:00 2022
 
< MOTOR X > reached position 2.729998 cm at time: Wed Dec 14 16:45:00 2022
 
< WORLD > updated (x,z) position (2.759998,0.000000) cm at time: Wed Dec 14 16:45:00 2022
 
< MOTOR X > reached position 2.759998 cm at time: Wed Dec 14 16:45:00 2022
 
< WORLD > updated (x,z) position (2.789998,0.000000) cm at time: Wed Dec 14 16:45:00 2022
 
< MOTOR X > reached position 2.789998 cm at time: Wed Dec 14 16:45:00 2022
 
< WORLD > updated (x,z) position (2.819998,0.000000) cm at time: Wed Dec 14 16:45:00 2022
 
< MOTOR X > reached position 2.819998 cm at time: Wed Dec 14 16:45:00 2022
 
< WORLD > updated (x,z) position (2.849998,0.000000) cm at time: Wed Dec 14 16:45:00 2022
 
< MOTOR X > reached position 2.849998 cm at time: Wed Dec 14 16:45:00 2022
 
< WORLD > updated (x,z) position (2.879998,0.000000) cm at time: Wed Dec 14 16:45:00 2022
 
< MOTOR X > reached position 2.879998 cm at time: Wed Dec 14 16:45:00 2022
 
< WORLD > updated (x,z) position (2.909998,0.000000) cm at time: Wed Dec 14 16:45:00 2022
 
< MOTOR X > reached position 2.909998 cm at time: Wed Dec 14 16:45:00 2022
 
< WORLD > updated (x,z) position (2.939998,0.000000) cm at time: Wed Dec 14 16:45:00 2022
 
< MOTOR X > reached position 2.939998 cm at time: Wed Dec 14 16:45:00 2022
 
< WORLD > updated (x,z) position (2.969998,0.000000) cm at time: Wed Dec 14 16:45:00 2022
 
< MOTOR X > reached position 2.969998 cm at time: Wed Dec 14 16:45:00 2022
 
< WORLD > updated (x,z) position (2.999998,0.000000) cm at time: Wed Dec 14 16:45:00 2022
 
< MOTOR X > reached position 2.999998 cm at time: Wed Dec 14 16:45:00 2022
 
< WORLD > updated (x,z) position (3.029998,0.000000) cm at time: Wed Dec 14 16:45:00 2022
 
< MOTOR X > reached position 3.029998 cm at time: Wed Dec 14 16:45:00 2022
 
< WORLD > updated (x,z) position (3.059998,0.000000) cm at time: Wed Dec 14 16:45:00 2022
 
< MOTOR X > reached position 3.059998 cm at time: Wed Dec 14 16:45:00 2022
 
< WORLD > updated (x,z) position (3.089998,0.000000) cm at time: Wed Dec 14 16:45:00 2022
 
< MOTOR X > reached position 3.089998 cm at time: Wed Dec 14 16:45:00 2022
 
< WORLD > updated (x,z) position (3.119998,0.000000) cm at time: Wed Dec 14 16:45:00 2022
 
< MOTOR X > reached position 3.119998 cm at time: Wed Dec 14 16:45:00 2022
 
< WORLD > updated (x,z) position (3.149997,0.000000) cm at time: Wed Dec 14 16:45:00 2022
 
< MOTOR X > reached position 3.149997 cm at time: Wed Dec 14 16:45:00 2022
 
< WORLD > updated (x,z) position (3.179997,0.000000) cm at time: Wed Dec 14 16:45:00 2022
 
< MOTOR X > reached position 3.179997 cm at time: Wed Dec 14 16:45:00 2022
 
< WORLD > updated (x,z) position (3.209997,0.000000) cm at time: Wed Dec 14 16:45:00 2022
 
< MOTOR X > reached position 3.209997 cm at time: Wed Dec 14 16:45:00 2022
 
< WORLD > updated (x,z) position (3.239997,0.000000) cm at time: Wed Dec 14 16:45:00 2022
 
< MOTOR X > reached position 3.239997 cm at time: Wed Dec 14 16:45:00 2022
 
< WORLD > updated (x,z) position (3.269997,0.000000) cm at time: Wed Dec 14 16:45:00 2022
 
< MOTOR X > reached position 3.269997 cm at time: Wed Dec 14 16:45:00 2022
 
< WORLD > updated (x,z) position (3.299997,0.000000) cm at time: Wed Dec 14 16:45:00 2022
 
< MOTOR X > reached position 3.299997 cm at time: Wed Dec 14 16:45:00 2022
 
< WORLD > updated (x,z) position (3.329997,0.000000) cm at time: Wed Dec 14 16:45:00 2022
 
< MOTOR X > reached position 3.329997 cm at time: Wed Dec 14 16:45:00 2022
 
< WORLD > updated (x,z) position (3.359997,0.000000) cm at time: Wed Dec 14 16:45:00 2022
 
< MOTOR X > reached position 3.359997 cm at time: Wed Dec 14 16:45:00 2022
 
< WORLD > updated (x,z) position (3.389997,0.000000) cm at time: Wed Dec 14 16:45:00 2022
 
< MOTOR X > reached position 3.389997 cm at time: Wed Dec 14 16:45:00 2022
 
< WORLD > updated (x,z) position (3.419997,0.000000) cm at time: Wed Dec 14 16:45:00 2022
 
< MOTOR X > reached position 3.419997 cm at time: Wed Dec 14 16:45:00 2022
 
< WORLD > updated (x,z) position (3.449997,0.000000) cm at time: Wed Dec 14 16:45:00 2022
 
< MOTOR X > reached position 3.449997 cm at time: Wed Dec 14 16:45:00 2022
 
< WORLD > updated (x,z) position (3.479997,0.000000) cm at time: Wed Dec 14 16:45:00 2022
 
< MOTOR X > reached position 3.479997 cm at time: Wed Dec 14 16:45:00 2022
 
< WORLD > updated (x,z) position (3.509997,0.000000) cm at time: Wed Dec 14 16:45:00 2022
 
< MOTOR X > reached position 3.509997 cm at time: Wed Dec 14 16:45:00 2022
 
< WORLD > updated (x,z) position (3.539997,0.000000) cm at time: Wed Dec 14 16:45:00 2022
 
< MOTOR X > reached position 3.539997 cm at time: Wed Dec 14 16:45:00 2022
 
< WORLD > updated (x,z) position (3.569997,0.000000) cm at time: Wed Dec 14 16:45:00 2022
 
< MOTOR X > reached position 3.569997 cm at time: Wed Dec 14 16:45:00 2022
 
< WORLD > updated (x,z) position (3.599997,0.000000) cm at time: Wed Dec 14 16:45:01 2022
 
< MOTOR X > reached position 3.599997 cm at time: Wed Dec 14 16:45:01 2022
 
< WORLD > updated (x,z) position (3.629997,0.000000) cm at time: Wed Dec 14 16:45:01 2022
 
< MOTOR X > reached position 3.629997 cm at time: Wed Dec 14 16:45:01 2022
 
< WORLD > updated (x,z) position (3.659997,0.000000) cm at time: Wed Dec 14 16:45:01 2022
 
< MOTOR X > reached position 3.659997 cm at time: Wed Dec 14 16:45:01 2022
 
< WORLD > updated (x,z) position (3.689997,0.000000) cm at time: Wed Dec 14 16:45:01 2022
 
< MOTOR X > reached position 3.689997 cm at time: Wed Dec 14 16:45:01 2022
 
< WORLD > updated (x,z) position (3.719997,0.000000) cm at time: Wed Dec 14 16:45:01 2022
 
< MOTOR X > reached position 3.719997 cm at time: Wed Dec 14 16:45:01 2022
 
< WORLD > updated (x,z) position (3.749997,0.000000) cm at time: Wed Dec 14 16:45:01 2022
 
< MOTOR X > reached position 3.749997 cm at time: Wed Dec 14 16:45:01 2022
 
< WORLD > updated (x,z) position (3.779997,0.000000) cm at time: Wed Dec 14 16:45:01 2022
 
< MOTOR X > reached position 3.779997 cm at time: Wed Dec 14 16:45:01 2022
 
< WORLD > updated (x,z) position (3.809997,0.000000) cm at time: Wed Dec 14 16:45:01 2022
 
< MOTOR X > reached position 3.809997 cm at time: Wed Dec 14 16:45:01 2022
 
< WORLD > updated (x,z) position (3.839997,0.000000) cm at time: Wed Dec 14 16:45:01 2022
 
< MOTOR X > reached position 3.839997 cm at time: Wed Dec 14 16:45:01 2022
 
< WORLD > updated (x,z) position (3.869997,0.000000) cm at time: Wed Dec 14 16:45:01 2022
 
< MOTOR X > reached position 3.869997 cm at time: Wed Dec 14 16:45:01 2022
 
< WORLD > updated (x,z) position (3.899997,0.000000) cm at time: Wed Dec 14 16:45:01 2022
 
< MOTOR X > reached position 3.899997 cm at time: Wed Dec 14 16:45:01 2022
 
< WORLD > updated (x,z) position (3.929997,0.000000) cm at time: Wed Dec 14 16:45:01 2022
 
< MOTOR X > reached position 3.929997 cm at time: Wed Dec 14 16:45:01 2022
 
< WORLD > updated (x,z) position (3.959997,0.000000) cm at time: Wed Dec 14 16:45:01 2022
 
< MOTOR X > reached position 3.959997 cm at time: Wed Dec 14 16:45:01 2022
 
< WORLD > updated (x,z) position (3.989997,0.000000) cm at time: Wed Dec 14 16:45:01 2022
 
< MOTOR X > reached position 3.989997 cm at time: Wed Dec 14 16:45:01 2022
 
< WORLD > updated (x,z) position (4.019997,0.000000) cm at time: Wed Dec 14 16:45:01 2022
 
< MOTOR X > reached position 4.019997 cm at time: Wed Dec 14 16:45:01 2022
 
< WORLD > updated (x,z) position (4.049997,0.000000) cm at time: Wed Dec 14 16:45:01 2022
 
< MOTOR X > reached position 4.049997 cm at time: Wed Dec 14 16:45:01 2022
 
< WORLD > updated (x,z) position (4.079997,0.000000) cm at time: Wed Dec 14 16:45:01 2022
 
< MOTOR X > reached position 4.079997 cm at time: Wed Dec 14 16:45:01 2022
 
< WORLD > updated (x,z) position (4.109997,0.000000) cm at time: Wed Dec 14 16:45:01 2022
 
< MOTOR X > reached position 4.109997 cm at time: Wed Dec 14 16:45:01 2022
 
< WORLD > updated (x,z) position (4.139997,0.000000) cm at time: Wed Dec 14 16:45:01 2022
 
< MOTOR X > reached position 4.139997 cm at time: Wed Dec 14 16:45:01 2022
 
< WORLD > updated (x,z) position (4.169998,0.000000) cm at time: Wed Dec 14 16:45:01 2022
 
< MOTOR X > reached position 4.169998 cm at time: Wed Dec 14 16:45:01 2022
 
< WORLD > updated (x,z) position (4.199998,0.000000) cm at time: Wed Dec 14 16:45:01 2022
 
< MOTOR X > reached position 4.199998 cm at time: Wed Dec 14 16:45:01 2022
 
< MOTOR X > reached position 4.229998 cm at time: Wed Dec 14 16:45:01 2022
 
< WORLD > updated (x,z) position (4.229998,0.000000) cm at time: Wed Dec 14 16:45:01 2022
 
< WORLD > updated (x,z) position (4.259998,0.000000) cm at time: Wed Dec 14 16:45:01 2022
 
< MOTOR X > reached position 4.259998 cm at time: Wed Dec 14 16:45:01 2022
 
< WORLD > updated (x,z) position (4.289999,0.000000) cm at time: Wed Dec 14 16:45:01 2022
 
< MOTOR X > reached position 4.289999 cm at time: Wed Dec 14 16:45:01 2022
 
< WORLD > updated (x,z) position (4.319999,0.000000) cm at time: Wed Dec 14 16:45:01 2022
 
< MOTOR X > reached position 4.319999 cm at time: Wed Dec 14 16:45:01 2022
 
< MOTOR X > reached position 4.349999 cm at time: Wed Dec 14 16:45:01 2022
 
< WORLD > updated (x,z) position (4.349999,0.000000) cm at time: Wed Dec 14 16:45:01 2022
 
< WORLD > updated (x,z) position (4.379999,0.000000) cm at time: Wed Dec 14 16:45:01 2022
 
< MOTOR X > reached position 4.379999 cm at time: Wed Dec 14 16:45:01 2022
 
< WORLD > updated (x,z) position (4.409999,0.000000) cm at time: Wed Dec 14 16:45:01 2022
 
< MOTOR X > reached position 4.409999 cm at time: Wed Dec 14 16:45:01 2022
 
< WORLD > updated (x,z) position (4.440000,0.000000) cm at time: Wed Dec 14 16:45:01 2022
 
< MOTOR X > reached position 4.440000 cm at time: Wed Dec 14 16:45:01 2022
 
< WORLD > updated (x,z) position (4.470000,0.000000) cm at time: Wed Dec 14 16:45:01 2022
 
< MOTOR X > reached position 4.470000 cm at time: Wed Dec 14 16:45:01 2022
 
< WORLD > updated (x,z) position (4.500000,0.000000) cm at time: Wed Dec 14 16:45:01 2022
 
< MOTOR X > reached position 4.500000 cm at time: Wed Dec 14 16:45:01 2022
 
< INSP_CONSOLE > stop signal at time: Wed Dec 14 16:45:02 2022
 
< WATCHDOG > inactivity detected, resetting the system at: Wed Dec 14 16:46:02 2022
 
